build/app/outputs/mapping/release/seeds.txt
com.wappnet.vyaya.MainActivity
com.wappnet.vyaya.MainActivity: MainActivity()
...
io.flutter.embedding.engine.FlutterJNI: void requestDartDeferredLibrary(int)
androidx.appcompat.widget.AppCompatTextView: int getAutoSizeMinTextSize()
com.pichillilorenzo.flutter_inappwebview_android.types.SafeBrowsingResponse: boolean equals(java.lang.Object)
com.pichillilorenzo.flutter_inappwebview_android.print_job.PrintJobController: PrintJobController(java.lang.String,android.print.PrintJob,com.pichillilorenzo.flutter_inappwebview_android.print_job.PrintJobSettings,com.pichillilorenzo.flutter_inappwebview_android.InAppWebViewFlutterPlugin)
com.google.android.material.textfield.MaterialAutoCompleteTextView: java.lang.CharSequence getHint()
kotlin.jvm.internal.FunctionReference: boolean isInfix()
androidx.appcompat.widget.AppCompatToggleButton: void setBackgroundResource(int)
com.pichillilorenzo.flutter_inappwebview_android.types.UserScriptInjectionTime: com.pichillilorenzo.flutter_inappwebview_android.types.UserScriptInjectionTime[] $values()
com.google.android.gms.common.api.Api$ApiOptions$NoOptions: Api$ApiOptions$NoOptions()
com.pichillilorenzo.flutter_inappwebview_android.types.UserContentController: boolean removeUserOnlyScript(com.pichillilorenzo.flutter_inappwebview_android.types.UserScript)
org.chromium.support_lib_boundary.WebViewClientBoundaryInterface: boolean onWebAuthnIntent(android.webkit.WebView,android.app.PendingIntent,java.lang.reflect.InvocationHandler)
com.pichillilorenzo.flutter_inappwebview_android.webview.in_app_webview.InAppWebViewChromeClient$1: boolean nonNullSuccess(com.pichillilorenzo.flutter_inappwebview_android.types.JsAlertResponse)
com.pichillilorenzo.flutter_inappwebview_android.credential_database.CredentialDatabaseHandler: void onMethodCall(io.flutter.plugin.common.MethodCall,io.flutter.plugin.common.MethodChannel$Result)
androidx.activity.ComponentActivity: void removeOnContextAvailableListener(androidx.activity.contextaware.OnContextAvailableListener)
com.google.android.material.datepicker.OnSelectionChangedListener: OnSelectionChangedListener()
org.chromium.support_lib_boundary.SafeBrowsingResponseBoundaryInterface: void proceed(boolean)
androidx.appcompat.widget.AppCompatTextView: android.view.ActionMode$Callback getCustomSelectionActionModeCallback()
com.pichillilorenzo.flutter_inappwebview_android.types.DownloadStartRequest: java.lang.String getSuggestedFilename()
androidx.appcompat.widget.AppCompatTextHelper$Api26Impl: void setAutoSizeTextTypeUniformWithPresetSizes(android.widget.TextView,int[],int)
com.google.android.gms.internal.common.zzc: zzc()
androidx.constraintlayout.solver.widgets.analyzer.WidgetRun$RunType: androidx.constraintlayout.solver.widgets.analyzer.WidgetRun$RunType valueOf(java.lang.String)
com.pichillilorenzo.flutter_inappwebview_android.types.UserContentController: UserContentController(android.webkit.WebView)
com.google.firestore.v1.DocumentTransform$FieldTransform$Builder: DocumentTransform$FieldTransform$Builder()
com.pichillilorenzo.flutter_inappwebview_android.webview.WebViewChannelDelegate$4: void onReceiveValue(java.lang.Object)
com.pichillilorenzo.flutter_inappwebview_android.webview.in_app_webview.InAppWebViewClient: void onPageStarted(android.webkit.WebView,java.lang.String,android.graphics.Bitmap)
com.pichillilorenzo.flutter_inappwebview_android.types.ICallbackResult: void success(java.lang.Object)
androidx.appcompat.widget.AppCompatAutoCompleteTextView: android.content.res.ColorStateList getSupportBackgroundTintList()
com.pichillilorenzo.flutter_inappwebview_android.webview.in_app_webview.InAppWebViewChromeClient$2: void onClick(android.content.DialogInterface,int)
androidx.appcompat.widget.AppCompatToggleButton: android.content.res.ColorStateList getSupportBackgroundTintList()
androidx.window.layout.WindowInfoTrackerImpl$windowLayoutInfo$1: java.lang.Object invoke(java.lang.Object,java.lang.Object)
com.google.firestore.v1.Target$DocumentsTarget: Target$DocumentsTarget()